Arguments: 
  C:\Program Files\nodejs\node.exe C:\Program Files (x86)\Yarn\bin\yarn.js install --mutex network:42424 --non-interactive

PATH: 
  C:\Users\mark.mizen\projects\NEW_WX\WX_2\node_modules\.bin;C:\Users\mark.mizen\projects\NEW_WX\node_modules\.bin;C:\Users\mark.mizen\projects\node_modules\.bin;C:\Users\mark.mizen\node_modules\.bin;C:\Users\node_modules\.bin;C:\node_modules\.bin;C:\Program Files\nodejs;C:\Users\mark.mizen\bin;C:\Program Files\Git\mingw64\bin;C:\Program Files\Git\usr\local\bin;C:\Program Files\Git\usr\bin;C:\Program Files\Git\usr\bin;C:\Program Files\Git\mingw64\bin;C:\Program Files\Git\usr\bin;C:\Users\mark.mizen\bin;C:\WINDOWS\system32;C:\WINDOWS;C:\WINDOWS\System32\Wbem;C:\WINDOWS\System32\WindowsPowerShell\v1.0;C:\Program Files (x86)\apache-ant-1.10.5\bin;C:\Program Files\Java\jdk-10.0.2\bin;C:\Program Files\Apache\apache-ant-1.10.5\bin;C:\Users\alex.graham\AppData\Local\Android\Sdk\tools;C:\Users\alex.graham\AppData\Local\Android\Sdk\platform-tools;C:\Flutter\flutter\bin;C:\Program Files\Dart\dart-sdk\bin;C:\WINDOWS\System32\OpenSSH;C:\ProgramData\chocolatey\bin;C:\Program Files\Git\cmd;C:\Program Files (x86)\Intel\Intel(R) Management Engine Components\DAL;C:\Program Files\Intel\Intel(R) Management Engine Components\DAL;C:\Users\mark.mizen\AppData\Roaming\npm;C:\Users\mark.mizen\AppData\Roaming\npm\node_modules\@angular\cli\bin;C:\Program Files (x86)\Yarn\bin;C:\Program Files\PuTTY;C:\Users\mark.mizen\AppData\Roaming\nvm;C:\Program Files\nodejs;C:\Program Files\Salesforce CLI\bin;C:\Program Files\Docker\Docker\resources\bin;C:\ProgramData\DockerDesktop\version-bin;C:\Users\mark.mizen\scoop\shims;C:\Program Files\MySQL\MySQL Shell 8.0\bin;C:\Users\mark.mizen\AppData\Local\Programs\Microsoft VS Code\bin;C:\Users\mark.mizen\AppData\Local\GitHubDesktop\bin;C:\Flutter\flutter;C:\Users\mark.mizen\AppData\Local\Android\Sdk\tools;C:\Users\mark.mizen\AppData\Local\Android\Sdk\platform-tools;C:\Program Files (x86)\GitHub CLI;C:\Users\mark.mizen\AppData\Roaming\nvm;C:\Program Files\nodejs;C:\Program Files\Salesforce CLI\bin;C:\Program Files\Git\usr\bin\vendor_perl;C:\Program Files\Git\usr\bin\core_perl

Yarn version: 
  1.17.3

Node version: 
  12.18.3

Platform: 
  win32 x64

Trace: 
  Error: https://jenkins-001.ukwest.cloudapp.azure.com:443/npm/rxjs/-/rxjs-6.5.5.tgz: ESOCKETTIMEDOUT
      at ClientRequest.<anonymous> (C:\Program Files (x86)\Yarn\lib\cli.js:141091:19)
      at Object.onceWrapper (events.js:421:28)
      at ClientRequest.emit (events.js:315:20)
      at TLSSocket.emitRequestTimeout (_http_client.js:709:9)
      at Object.onceWrapper (events.js:421:28)
      at TLSSocket.emit (events.js:327:22)
      at TLSSocket.Socket._onTimeout (net.js:482:8)
      at listOnTimeout (internal/timers.js:549:17)
      at processTimers (internal/timers.js:492:7)

npm manifest: 
  {
    "name": "wx_2",
    "version": "1.0.0",
    "description": "WX Meta Repository",
    "private": true,
    "workspaces": [
      "packages/*"
    ],
    "author": "Sage People",
    "license": "ISC",
    "devDependencies": {
      "lerna": "^3.22.1"
    },
    "main": "index.js"
  }

yarn manifest: 
  No manifest

Lockfile: 
  No lockfile
